2024-01-22 19:22:53,131 INFO: No unread emails found.
2024-01-22 19:24:08,394 INFO: Email sender: lazarogonzalez.auto@gmail.com
2024-01-22 19:24:08,395 INFO: Email subject: Quality Assurance Correspondence
2024-01-22 19:24:08,395 INFO: Email: lazarogonzalez.auto@gmail.com
2024-01-22 19:24:08,396 INFO: Saving file: Correspondence Grading Form B.xlsx
2024-01-22 19:37:39,858 INFO: Email sender: lazarogonzalez.auto@gmail.com
2024-01-22 19:37:39,858 INFO: Email subject: Quality Assurance Correspondence agents=Uno, Dos, Tres
2024-01-22 19:37:39,858 INFO: Email: lazarogonzalez.auto@gmail.com
2024-01-22 19:37:39,859 INFO: Saving file: Correspondence Grading Form B.xlsx
2024-01-22 19:41:32,697 INFO: Email sender: lazarogonzalez.auto@gmail.com
2024-01-22 19:41:32,698 INFO: Email subject: Fwd: Quality Assurance Correspondence agents=Uno, Dos, Tres
2024-01-22 19:41:32,698 INFO: Agents info: Uno, Dos, Tres
2024-01-22 19:41:32,698 INFO: Email: lazarogonzalez.auto@gmail.com
2024-01-22 19:41:32,699 INFO: Saving file: Correspondence Grading Form B.xlsx
2024-01-22 19:42:16,322 INFO: Email sender: lazarogonzalez.auto@gmail.com
2024-01-22 19:42:16,323 INFO: Email subject: Fwd: Quality Assurance Correspondence agents=Uno, Dos, Tres
2024-01-22 19:42:16,323 INFO: Agents info: Uno, Dos, Tres
2024-01-22 19:42:16,323 INFO: Email: lazarogonzalez.auto@gmail.com
2024-01-22 19:42:16,324 INFO: Saving file: Correspondence Grading Form B.xlsx
2024-01-22 19:43:33,083 INFO: Email sender: lazarogonzalez.auto@gmail.com
2024-01-22 19:43:33,083 INFO: Email subject: Fwd: Quality Assurance Correspondence agents=Uno, Dos, Tres
2024-01-22 19:43:33,084 INFO: Agents info: Uno, Dos, Tres
2024-01-22 19:43:33,084 INFO: Email: lazarogonzalez.auto@gmail.com
2024-01-22 19:43:33,085 INFO: Saving file: Correspondence Grading Form B.xlsx
2024-01-22 19:49:13,581 INFO: Email sender: lazarogonzalez.auto@gmail.com
2024-01-22 19:49:13,582 INFO: Email subject: Quality Assurance Correspondence agents=Daly, Amani-Durroh,
 James-Millard, Silvana-Williams, Crystal
2024-01-22 19:49:13,582 INFO: Agents info: ['Daly, Amani', 'Durroh,']
2024-01-22 19:49:13,583 INFO: Email: lazarogonzalez.auto@gmail.com
2024-01-22 19:49:13,583 INFO: Saving file: Correspondence Grading Form B.xlsx
2024-01-22 19:51:53,260 INFO: Email sender: lazarogonzalez.auto@gmail.com
2024-01-22 19:51:53,261 INFO: Email subject: Fwd: Quality Assurance Correspondence agents=Daly, Amani-Durroh,
 James-Millard, Silvana-Williams, Crystal
2024-01-22 19:51:53,261 INFO: Agents info: ['Daly, Amani', 'Durroh,']
2024-01-22 19:51:53,262 INFO: Email: lazarogonzalez.auto@gmail.com
2024-01-22 19:51:53,262 INFO: Saving file: Correspondence Grading Form B.xlsx
2024-01-22 19:55:47,460 INFO: Email sender: lazarogonzalez.auto@gmail.com
2024-01-22 19:55:47,461 INFO: Email subject: Fwd: Quality Assurance Correspondence agents=Uno, Dos, Tres
2024-01-22 19:55:47,461 INFO: Email: lazarogonzalez.auto@gmail.com
2024-01-22 19:55:47,462 INFO: Saving file: Correspondence Grading Form B.xlsx
2024-01-22 19:57:06,021 INFO: Email sender: lazarogonzalez.auto@gmail.com
2024-01-22 19:57:06,022 INFO: Email subject: Fwd: Quality Assurance Correspondence agents=Uno, Dos, Tres
2024-01-22 19:57:06,022 INFO: Agents: ['Uno', 'Dos', 'Tres']
2024-01-22 19:57:06,022 INFO: Email: lazarogonzalez.auto@gmail.com
2024-01-22 19:57:06,023 INFO: Saving file: Correspondence Grading Form B.xlsx
2024-01-22 20:00:19,707 INFO: Email sender: lazarogonzalez.auto@gmail.com
2024-01-22 20:00:19,707 INFO: Email subject: Quality Assurance Correspondence agents=My Agents
2024-01-22 20:00:19,707 INFO: Agents: ['My Agents']
2024-01-22 20:00:19,708 INFO: Email: lazarogonzalez.auto@gmail.com
2024-01-22 20:00:19,709 INFO: Saving file: Correspondence Grading Form B.xlsx
2024-01-22 20:00:53,493 INFO: Email sender: lazarogonzalez.auto@gmail.com
2024-01-22 20:00:53,493 INFO: Email subject: Fwd: Quality Assurance Correspondence agents=My Agents
2024-01-22 20:01:50,603 INFO: Email sender: lazarogonzalez.auto@gmail.com
2024-01-22 20:01:50,604 INFO: Email subject: Fwd: Quality Assurance Correspondence agents=My Agents
2024-01-22 20:01:50,604 INFO: Agents: My Agents
2024-01-22 20:01:50,605 INFO: Email: lazarogonzalez.auto@gmail.com
2024-01-22 20:01:50,605 INFO: Saving file: Correspondence Grading Form B.xlsx
2024-01-22 20:03:24,620 INFO: Email sender: lazarogonzalez.auto@gmail.com
2024-01-22 20:03:24,621 INFO: Email subject: Fwd: Quality Assurance Correspondence agents=My Agents
2024-01-22 20:03:24,621 INFO: Agents: My Agents
2024-01-22 20:03:24,621 INFO: Email: lazarogonzalez.auto@gmail.com
2024-01-22 20:03:24,622 INFO: Saving file: Correspondence Grading Form B.xlsx
2024-01-22 20:04:44,332 INFO: Email sender: lazarogonzalez.auto@gmail.com
2024-01-22 20:04:44,332 INFO: Email subject: Fwd: Quality Assurance Correspondence agents=My Agents
2024-01-22 20:04:44,333 INFO: Agents: My Agents
2024-01-22 20:04:44,333 INFO: Email: lazarogonzalez.auto@gmail.com
2024-01-22 20:04:44,334 INFO: Saving file: Correspondence Grading Form B.xlsx
2024-01-22 20:07:52,666 INFO: Email sender: lazarogonzalez.auto@gmail.com
2024-01-22 20:07:52,666 INFO: Email subject: Fwd: Quality Assurance Correspondence agents=My Agents
2024-01-22 20:07:52,667 INFO: Agents: My Agents
2024-01-22 20:07:52,667 INFO: Email: lazarogonzalez.auto@gmail.com
2024-01-22 20:07:52,668 INFO: Saving file: Correspondence Grading Form B.xlsx
2024-01-22 20:09:44,380 INFO: Email sender: lazarogonzalez.auto@gmail.com
2024-01-22 20:09:44,381 INFO: Email subject: Fwd: Quality Assurance Correspondence agents=My Agents
2024-01-22 20:09:44,381 INFO: Agents: My Agents
2024-01-22 20:09:44,382 INFO: Email: lazarogonzalez.auto@gmail.com
2024-01-22 20:09:44,382 INFO: Saving file: Correspondence Grading Form B.xlsx
2024-01-22 20:10:56,321 INFO: Email sender: lazarogonzalez.auto@gmail.com
2024-01-22 20:10:56,321 INFO: Email subject: Fwd: Quality Assurance Correspondence agents=My Agents
2024-01-22 20:10:56,321 INFO: Agents: My Agents
2024-01-22 20:10:56,322 INFO: Email: lazarogonzalez.auto@gmail.com
2024-01-22 20:10:56,322 INFO: Saving file: Correspondence Grading Form B.xlsx
2024-01-22 20:11:50,120 INFO: No unread emails found.
2024-01-22 20:11:55,641 INFO: No unread emails found.
2024-01-22 20:12:03,218 INFO: No unread emails found.
2024-01-22 20:12:18,740 INFO: Email sender: lazarogonzalez.auto@gmail.com
2024-01-22 20:12:18,740 INFO: Email subject: Fwd: Quality Assurance Correspondence agents=My Agents
2024-01-22 20:12:18,740 INFO: Agents: My Agents
2024-01-22 20:12:18,741 INFO: Email: lazarogonzalez.auto@gmail.com
2024-01-22 20:12:18,741 INFO: Saving file: Correspondence Grading Form B.xlsx
2024-01-22 20:12:33,086 INFO: File automated_emails\2024-01-22_20-12-18\Correspondence Grading Form B.xlsx, email lazarogonzalez.auto@gmail.com
2024-01-22 20:12:33,182 INFO: Script execution completed.
2024-01-22 20:14:00,689 INFO: Email sender: lazarogonzalez.auto@gmail.com
2024-01-22 20:14:00,689 INFO: Email subject: Fwd: Quality Assurance Correspondence agents=My Agents
2024-01-22 20:14:00,690 INFO: Agents: My Agents
2024-01-22 20:14:00,690 INFO: Email: lazarogonzalez.auto@gmail.com
2024-01-22 20:14:00,691 INFO: Saving file: Correspondence Grading Form B.xlsx
2024-01-22 20:15:56,185 INFO: File automated_emails\2024-01-22_20-14-00\Correspondence Grading Form B.xlsx, email lazarogonzalez.auto@gmail.com
2024-01-22 20:15:56,291 INFO: Script execution completed.
2024-01-23 12:22:39,126 INFO: Email sender: lazarogonzalez.auto@gmail.com
2024-01-23 12:22:39,126 INFO: Email subject: Fwd: Quality Assurance Correspondence agents=My Agents
2024-01-23 12:22:39,126 INFO: Agents: My Agents
2024-01-23 12:22:39,126 INFO: Email: lazarogonzalez.auto@gmail.com
2024-01-23 12:22:39,126 INFO: Saving file: Correspondence Grading Form B.xlsx
2024-01-23 12:23:05,831 INFO: Email sender: lazarogonzalez.auto@gmail.com
2024-01-23 12:23:05,831 INFO: Email subject: Fwd: Quality Assurance Correspondence agents=My Agents
2024-01-23 12:23:05,831 INFO: Agents: My Agents
2024-01-23 12:23:05,832 INFO: Email: lazarogonzalez.auto@gmail.com
2024-01-23 12:23:05,832 INFO: Saving file: Correspondence Grading Form B.xlsx
